<?xml version="1.0" encoding="UTF-8"?>
<!-- Generated by org.testng.reporters.JUnitReportReporter -->
<testsuite hostname="Digvijayt-VD3" failures="0" tests="2" name="DataSupplier.JsonData_Supplier" time="0.028" errors="0" timestamp="2023-01-10T17:15:01 IST" skipped="0">
  <testcase classname="DataSupplier.JsonData_Supplier" name="testdata" time="0.005"/>
  <system-out/>
  <testcase classname="DataSupplier.JsonData_Supplier" name="testdata" time="0.023"/>
  <system-out/>
</testsuite> <!-- DataSupplier.JsonData_Supplier -->
