<?xml version="1.0" encoding="UTF-8"?>
<!-- Generated by org.testng.reporters.JUnitReportReporter -->
<testsuite hostname="Digvijayt-VD3" failures="0" tests="1" name="Selenium.PageTest" time="10.369" errors="0" timestamp="2022-11-10T14:03:53 IST" skipped="0">
  <testcase classname="Selenium.PageTest" name="HomePage" time="10.369"/>
  <system-out/>
</testsuite> <!-- Selenium.PageTest -->
