<?xml version="1.0" encoding="UTF-8"?>
<!-- Generated by org.testng.reporters.JUnitReportReporter -->
<testsuite hostname="Digvijayt-VD3" failures="0" tests="1" name="Tests.LoginPageTest" time="5.996" errors="0" timestamp="2022-11-14T17:28:32 IST" skipped="0">
  <testcase classname="Tests.LoginPageTest" name="LoginPage" time="5.996"/>
  <system-out/>
</testsuite> <!-- Tests.LoginPageTest -->
