<?xml version="1.0" encoding="UTF-8"?>
<!-- Generated by org.testng.reporters.JUnitReportReporter -->
<testsuite hostname="Digvijayt-VD3" failures="0" tests="100" name="Tests.Timer" time="1691.806" errors="0" timestamp="2022-11-11T15:40:28 IST" skipped="0">
  <testcase classname="Tests.Timer" name="testing" time="16.412"/>
  <system-out/>
  <testcase classname="Tests.Timer" name="testing" time="21.644"/>
  <system-out/>
  <testcase classname="Tests.Timer" name="testing" time="17.546"/>
  <system-out/>
  <testcase classname="Tests.Timer" name="testing" time="14.969"/>
  <system-out/>
  <testcase classname="Tests.Timer" name="testing" time="17.681"/>
  <system-out/>
  <testcase classname="Tests.Timer" name="testing" time="14.698"/>
  <system-out/>
  <testcase classname="Tests.Timer" name="testing" time="14.288"/>
  <system-out/>
  <testcase classname="Tests.Timer" name="testing" time="18.303"/>
  <system-out/>
  <testcase classname="Tests.Timer" name="testing" time="14.470"/>
  <system-out/>
  <testcase classname="Tests.Timer" name="testing" time="16.024"/>
  <system-out/>
  <testcase classname="Tests.Timer" name="testing" time="16.558"/>
  <system-out/>
  <testcase classname="Tests.Timer" name="testing" time="15.554"/>
  <system-out/>
  <testcase classname="Tests.Timer" name="testing" time="14.644"/>
  <system-out/>
  <testcase classname="Tests.Timer" name="testing" time="20.509"/>
  <system-out/>
  <testcase classname="Tests.Timer" name="testing" time="20.876"/>
  <system-out/>
  <testcase classname="Tests.Timer" name="testing" time="19.294"/>
  <system-out/>
  <testcase classname="Tests.Timer" name="testing" time="17.848"/>
  <system-out/>
  <testcase classname="Tests.Timer" name="testing" time="16.209"/>
  <system-out/>
  <testcase classname="Tests.Timer" name="testing" time="21.209"/>
  <system-out/>
  <testcase classname="Tests.Timer" name="testing" time="15.987"/>
  <system-out/>
  <testcase classname="Tests.Timer" name="testing" time="17.312"/>
  <system-out/>
  <testcase classname="Tests.Timer" name="testing" time="15.536"/>
  <system-out/>
  <testcase classname="Tests.Timer" name="testing" time="15.903"/>
  <system-out/>
  <testcase classname="Tests.Timer" name="testing" time="16.670"/>
  <system-out/>
  <testcase classname="Tests.Timer" name="testing" time="16.278"/>
  <system-out/>
  <testcase classname="Tests.Timer" name="testing" time="17.706"/>
  <system-out/>
  <testcase classname="Tests.Timer" name="testing" time="14.432"/>
  <system-out/>
  <testcase classname="Tests.Timer" name="testing" time="19.328"/>
  <system-out/>
  <testcase classname="Tests.Timer" name="testing" time="15.456"/>
  <system-out/>
  <testcase classname="Tests.Timer" name="testing" time="14.683"/>
  <system-out/>
  <testcase classname="Tests.Timer" name="testing" time="14.682"/>
  <system-out/>
  <testcase classname="Tests.Timer" name="testing" time="18.746"/>
  <system-out/>
  <testcase classname="Tests.Timer" name="testing" time="18.584"/>
  <system-out/>
  <testcase classname="Tests.Timer" name="testing" time="24.105"/>
  <system-out/>
  <testcase classname="Tests.Timer" name="testing" time="27.195"/>
  <system-out/>
  <testcase classname="Tests.Timer" name="testing" time="17.149"/>
  <system-out/>
  <testcase classname="Tests.Timer" name="testing" time="14.147"/>
  <system-out/>
  <testcase classname="Tests.Timer" name="testing" time="16.609"/>
  <system-out/>
  <testcase classname="Tests.Timer" name="testing" time="19.481"/>
  <system-out/>
  <testcase classname="Tests.Timer" name="testing" time="14.114"/>
  <system-out/>
  <testcase classname="Tests.Timer" name="testing" time="17.613"/>
  <system-out/>
  <testcase classname="Tests.Timer" name="testing" time="16.291"/>
  <system-out/>
  <testcase classname="Tests.Timer" name="testing" time="16.488"/>
  <system-out/>
  <testcase classname="Tests.Timer" name="testing" time="13.629"/>
  <system-out/>
  <testcase classname="Tests.Timer" name="testing" time="28.002"/>
  <system-out/>
  <testcase classname="Tests.Timer" name="testing" time="16.842"/>
  <system-out/>
  <testcase classname="Tests.Timer" name="testing" time="15.483"/>
  <system-out/>
  <testcase classname="Tests.Timer" name="testing" time="14.197"/>
  <system-out/>
  <testcase classname="Tests.Timer" name="testing" time="14.038"/>
  <system-out/>
  <testcase classname="Tests.Timer" name="testing" time="17.003"/>
  <system-out/>
  <testcase classname="Tests.Timer" name="testing" time="17.458"/>
  <system-out/>
  <testcase classname="Tests.Timer" name="testing" time="15.285"/>
  <system-out/>
  <testcase classname="Tests.Timer" name="testing" time="14.691"/>
  <system-out/>
  <testcase classname="Tests.Timer" name="testing" time="15.984"/>
  <system-out/>
  <testcase classname="Tests.Timer" name="testing" time="15.864"/>
  <system-out/>
  <testcase classname="Tests.Timer" name="testing" time="14.850"/>
  <system-out/>
  <testcase classname="Tests.Timer" name="testing" time="17.316"/>
  <system-out/>
  <testcase classname="Tests.Timer" name="testing" time="16.177"/>
  <system-out/>
  <testcase classname="Tests.Timer" name="testing" time="16.289"/>
  <system-out/>
  <testcase classname="Tests.Timer" name="testing" time="17.725"/>
  <system-out/>
  <testcase classname="Tests.Timer" name="testing" time="15.917"/>
  <system-out/>
  <testcase classname="Tests.Timer" name="testing" time="13.757"/>
  <system-out/>
  <testcase classname="Tests.Timer" name="testing" time="15.905"/>
  <system-out/>
  <testcase classname="Tests.Timer" name="testing" time="20.472"/>
  <system-out/>
  <testcase classname="Tests.Timer" name="testing" time="13.898"/>
  <system-out/>
  <testcase classname="Tests.Timer" name="testing" time="13.719"/>
  <system-out/>
  <testcase classname="Tests.Timer" name="testing" time="14.245"/>
  <system-out/>
  <testcase classname="Tests.Timer" name="testing" time="15.312"/>
  <system-out/>
  <testcase classname="Tests.Timer" name="testing" time="18.372"/>
  <system-out/>
  <testcase classname="Tests.Timer" name="testing" time="14.421"/>
  <system-out/>
  <testcase classname="Tests.Timer" name="testing" time="15.408"/>
  <system-out/>
  <testcase classname="Tests.Timer" name="testing" time="17.820"/>
  <system-out/>
  <testcase classname="Tests.Timer" name="testing" time="19.273"/>
  <system-out/>
  <testcase classname="Tests.Timer" name="testing" time="16.673"/>
  <system-out/>
  <testcase classname="Tests.Timer" name="testing" time="15.702"/>
  <system-out/>
  <testcase classname="Tests.Timer" name="testing" time="16.258"/>
  <system-out/>
  <testcase classname="Tests.Timer" name="testing" time="15.674"/>
  <system-out/>
  <testcase classname="Tests.Timer" name="testing" time="23.821"/>
  <system-out/>
  <testcase classname="Tests.Timer" name="testing" time="17.203"/>
  <system-out/>
  <testcase classname="Tests.Timer" name="testing" time="15.494"/>
  <system-out/>
  <testcase classname="Tests.Timer" name="testing" time="17.517"/>
  <system-out/>
  <testcase classname="Tests.Timer" name="testing" time="15.351"/>
  <system-out/>
  <testcase classname="Tests.Timer" name="testing" time="14.345"/>
  <system-out/>
  <testcase classname="Tests.Timer" name="testing" time="13.458"/>
  <system-out/>
  <testcase classname="Tests.Timer" name="testing" time="24.099"/>
  <system-out/>
  <testcase classname="Tests.Timer" name="testing" time="13.965"/>
  <system-out/>
  <testcase classname="Tests.Timer" name="testing" time="15.035"/>
  <system-out/>
  <testcase classname="Tests.Timer" name="testing" time="16.778"/>
  <system-out/>
  <testcase classname="Tests.Timer" name="testing" time="14.395"/>
  <system-out/>
  <testcase classname="Tests.Timer" name="testing" time="16.744"/>
  <system-out/>
  <testcase classname="Tests.Timer" name="testing" time="29.061"/>
  <system-out/>
  <testcase classname="Tests.Timer" name="testing" time="16.564"/>
  <system-out/>
  <testcase classname="Tests.Timer" name="testing" time="15.433"/>
  <system-out/>
  <testcase classname="Tests.Timer" name="testing" time="15.899"/>
  <system-out/>
  <testcase classname="Tests.Timer" name="testing" time="17.577"/>
  <system-out/>
  <testcase classname="Tests.Timer" name="testing" time="15.026"/>
  <system-out/>
  <testcase classname="Tests.Timer" name="testing" time="21.272"/>
  <system-out/>
  <testcase classname="Tests.Timer" name="testing" time="15.354"/>
  <system-out/>
  <testcase classname="Tests.Timer" name="testing" time="15.985"/>
  <system-out/>
  <testcase classname="Tests.Timer" name="testing" time="14.540"/>
  <system-out/>
</testsuite> <!-- Tests.Timer -->
